<?xml version="1.0" encoding="UTF-8"?>
<!-- Generated by org.testng.reporters.JUnitReportReporter -->
<testsuite hostname="josh-Latitude-3410" failures="0" tests="1" name="packp.OneTest" time="0.008" errors="0" timestamp="2022-12-16T15:02:12 IST" skipped="0">
  <testcase classname="packp.OneTest" name="testOne" time="0.008"/>
  <system-out/>
</testsuite> <!-- packp.OneTest -->
